Performing C SOURCE FILE Test CMAKE_HAVE_LIBC_PTHREAD failed with the following output:
Change Dir: /home/gowtham/ws_moveit/build/three_degree_of_freedom/CMakeFiles/CMakeTmp

Run Build Command(s):/usr/bin/make cmTC_91cc6/fast && /usr/bin/make  -f CMakeFiles/cmTC_91cc6.dir/build.make CMakeFiles/cmTC_91cc6.dir/build
make[1]: Entering directory '/home/gowtham/ws_moveit/build/three_degree_of_freedom/CMakeFiles/CMakeTmp'
Building C object CMakeFiles/cmTC_91cc6.dir/src.c.o
/usr/bin/cc   -DCMAKE_HAVE_LIBC_PTHREAD -o CMakeFiles/cmTC_91cc6.dir/src.c.o -c /home/gowtham/ws_moveit/build/three_degree_of_freedom/CMakeFiles/CMakeTmp/src.c
Linking C executable cmTC_91cc6
/home/gowtham/.local/lib/python2.7/site-packages/cmake/data/bin/cmake -E cmake_link_script CMakeFiles/cmTC_91cc6.dir/link.txt --verbose=1
/usr/bin/cc  -DCMAKE_HAVE_LIBC_PTHREAD -rdynamic CMakeFiles/cmTC_91cc6.dir/src.c.o -o cmTC_91cc6 
CMakeFiles/cmTC_91cc6.dir/src.c.o: In function `main':
src.c:(.text+0x3c): undefined reference to `pthread_create'
src.c:(.text+0x48): undefined reference to `pthread_detach'
src.c:(.text+0x54): undefined reference to `pthread_cancel'
src.c:(.text+0x65): undefined reference to `pthread_join'
src.c:(.text+0x79): undefined reference to `pthread_atfork'
collect2: error: ld returned 1 exit status
CMakeFiles/cmTC_91cc6.dir/build.make:105: recipe for target 'cmTC_91cc6' failed
make[1]: *** [cmTC_91cc6] Error 1
make[1]: Leaving directory '/home/gowtham/ws_moveit/build/three_degree_of_freedom/CMakeFiles/CMakeTmp'
Makefile:140: recipe for target 'cmTC_91cc6/fast' failed
make: *** [cmTC_91cc6/fast] Error 2


Source file was:
#include <pthread.h>

void* test_func(void* data)
{
  return data;
}

int main(void)
{
  pthread_t thread;
  pthread_create(&thread, NULL, test_func, NULL);
  pthread_detach(thread);
  pthread_cancel(thread);
  pthread_join(thread, NULL);
  pthread_atfork(NULL, NULL, NULL);
  pthread_exit(NULL);

  return 0;
}

Determining if the function pthread_create exists in the pthreads failed with the following output:
Change Dir: /home/gowtham/ws_moveit/build/three_degree_of_freedom/CMakeFiles/CMakeTmp

Run Build Command(s):/usr/bin/make cmTC_cb36a/fast && /usr/bin/make  -f CMakeFiles/cmTC_cb36a.dir/build.make CMakeFiles/cmTC_cb36a.dir/build
make[1]: Entering directory '/home/gowtham/ws_moveit/build/three_degree_of_freedom/CMakeFiles/CMakeTmp'
Building C object CMakeFiles/cmTC_cb36a.dir/CheckFunctionExists.c.o
/usr/bin/cc   -DCHECK_FUNCTION_EXISTS=pthread_create -o CMakeFiles/cmTC_cb36a.dir/CheckFunctionExists.c.o -c /home/gowtham/.local/lib/python2.7/site-packages/cmake/data/share/cmake-3.18/Modules/CheckFunctionExists.c
Linking C executable cmTC_cb36a
/home/gowtham/.local/lib/python2.7/site-packages/cmake/data/bin/cmake -E cmake_link_script CMakeFiles/cmTC_cb36a.dir/link.txt --verbose=1
/usr/bin/cc  -DCHECK_FUNCTION_EXISTS=pthread_create -rdynamic CMakeFiles/cmTC_cb36a.dir/CheckFunctionExists.c.o -o cmTC_cb36a  -lpthreads 
/usr/bin/ld: cannot find -lpthreads
collect2: error: ld returned 1 exit status
CMakeFiles/cmTC_cb36a.dir/build.make:105: recipe for target 'cmTC_cb36a' failed
make[1]: *** [cmTC_cb36a] Error 1
make[1]: Leaving directory '/home/gowtham/ws_moveit/build/three_degree_of_freedom/CMakeFiles/CMakeTmp'
Makefile:140: recipe for target 'cmTC_cb36a/fast' failed
make: *** [cmTC_cb36a/fast] Error 2



