[  7%] Built target planning_scene_tutorial
[ 14%] Built target robot_model_and_robot_state_tutorial
[ 21%] Built target ros_api_tutorial
[ 28%] Built target planning_scene_ros_api_tutorial
[ 35%] Built target motion_planning_pipeline_tutorial
[ 42%] Built target move_group_interface_tutorial
[ 50%] Built target motion_planning_api_tutorial
[ 64%] Built target interactivity_utils
[ 71%] Built target state_display_tutorial
[ 78%] Built target cylinder_segment
[35m[1mScanning dependencies of target pick_place_tutorial[0m
[ 85%] Built target visualizing_collisions_tutorial
[ 92%] Built target bag_publisher_maintain_time
[ 96%] [32mBuilding CXX object doc/pick_place/CMakeFiles/pick_place_tutorial.dir/src/pick_place_tutorial.cpp.o[0m
[01m[K/home/gowtham/ws_moveit/src/moveit_tutorials/doc/pick_place/src/pick_place_tutorial.cpp:[m[K In function ‘[01m[Kint main(int, char**)[m[K’:
[01m[K/home/gowtham/ws_moveit/src/moveit_tutorials/doc/pick_place/src/pick_place_tutorial.cpp:292:14:[m[K [01;31m[Kerror: [m[Kexpected primary-expression before ‘[01m[K,[m[K’ token
   pick(group/,a);
[01;32m[K              ^[m[K
doc/pick_place/CMakeFiles/pick_place_tutorial.dir/build.make:81: recipe for target 'doc/pick_place/CMakeFiles/pick_place_tutorial.dir/src/pick_place_tutorial.cpp.o' failed
make[2]: *** [doc/pick_place/CMakeFiles/pick_place_tutorial.dir/src/pick_place_tutorial.cpp.o] Error 1
CMakeFiles/Makefile2:4195: recipe for target 'doc/pick_place/CMakeFiles/pick_place_tutorial.dir/all' failed
make[1]: *** [doc/pick_place/CMakeFiles/pick_place_tutorial.dir/all] Error 2
Makefile:159: recipe for target 'all' failed
make: *** [all] Error 2
