Performing C SOURCE FILE Test CMAKE_HAVE_LIBC_PTHREAD failed with the following output:
Change Dir: /home/gowtham/ws_moveit/build/moveit_tutorials/CMakeFiles/CMakeTmp

Run Build Command(s):/usr/bin/make cmTC_1bd82/fast && /usr/bin/make  -f CMakeFiles/cmTC_1bd82.dir/build.make CMakeFiles/cmTC_1bd82.dir/build
make[1]: Entering directory '/home/gowtham/ws_moveit/build/moveit_tutorials/CMakeFiles/CMakeTmp'
Building C object CMakeFiles/cmTC_1bd82.dir/src.c.o
/usr/bin/cc   -DCMAKE_HAVE_LIBC_PTHREAD -o CMakeFiles/cmTC_1bd82.dir/src.c.o -c /home/gowtham/ws_moveit/build/moveit_tutorials/CMakeFiles/CMakeTmp/src.c
Linking C executable cmTC_1bd82
/home/gowtham/.local/lib/python2.7/site-packages/cmake/data/bin/cmake -E cmake_link_script CMakeFiles/cmTC_1bd82.dir/link.txt --verbose=1
/usr/bin/cc  -DCMAKE_HAVE_LIBC_PTHREAD -rdynamic CMakeFiles/cmTC_1bd82.dir/src.c.o -o cmTC_1bd82 
CMakeFiles/cmTC_1bd82.dir/src.c.o: In function `main':
src.c:(.text+0x3c): undefined reference to `pthread_create'
src.c:(.text+0x48): undefined reference to `pthread_detach'
src.c:(.text+0x54): undefined reference to `pthread_cancel'
src.c:(.text+0x65): undefined reference to `pthread_join'
src.c:(.text+0x79): undefined reference to `pthread_atfork'
collect2: error: ld returned 1 exit status
CMakeFiles/cmTC_1bd82.dir/build.make:105: recipe for target 'cmTC_1bd82' failed
make[1]: *** [cmTC_1bd82] Error 1
make[1]: Leaving directory '/home/gowtham/ws_moveit/build/moveit_tutorials/CMakeFiles/CMakeTmp'
Makefile:140: recipe for target 'cmTC_1bd82/fast' failed
make: *** [cmTC_1bd82/fast] Error 2


Source file was:
#include <pthread.h>

void* test_func(void* data)
{
  return data;
}

int main(void)
{
  pthread_t thread;
  pthread_create(&thread, NULL, test_func, NULL);
  pthread_detach(thread);
  pthread_cancel(thread);
  pthread_join(thread, NULL);
  pthread_atfork(NULL, NULL, NULL);
  pthread_exit(NULL);

  return 0;
}

Determining if the function pthread_create exists in the pthreads failed with the following output:
Change Dir: /home/gowtham/ws_moveit/build/moveit_tutorials/CMakeFiles/CMakeTmp

Run Build Command(s):/usr/bin/make cmTC_32f8c/fast && /usr/bin/make  -f CMakeFiles/cmTC_32f8c.dir/build.make CMakeFiles/cmTC_32f8c.dir/build
make[1]: Entering directory '/home/gowtham/ws_moveit/build/moveit_tutorials/CMakeFiles/CMakeTmp'
Building C object CMakeFiles/cmTC_32f8c.dir/CheckFunctionExists.c.o
/usr/bin/cc   -DCHECK_FUNCTION_EXISTS=pthread_create -o CMakeFiles/cmTC_32f8c.dir/CheckFunctionExists.c.o -c /home/gowtham/.local/lib/python2.7/site-packages/cmake/data/share/cmake-3.18/Modules/CheckFunctionExists.c
Linking C executable cmTC_32f8c
/home/gowtham/.local/lib/python2.7/site-packages/cmake/data/bin/cmake -E cmake_link_script CMakeFiles/cmTC_32f8c.dir/link.txt --verbose=1
/usr/bin/cc  -DCHECK_FUNCTION_EXISTS=pthread_create -rdynamic CMakeFiles/cmTC_32f8c.dir/CheckFunctionExists.c.o -o cmTC_32f8c  -lpthreads 
/usr/bin/ld: cannot find -lpthreads
collect2: error: ld returned 1 exit status
CMakeFiles/cmTC_32f8c.dir/build.make:105: recipe for target 'cmTC_32f8c' failed
make[1]: *** [cmTC_32f8c] Error 1
make[1]: Leaving directory '/home/gowtham/ws_moveit/build/moveit_tutorials/CMakeFiles/CMakeTmp'
Makefile:140: recipe for target 'cmTC_32f8c/fast' failed
make: *** [cmTC_32f8c/fast] Error 2



